mode: count
github.com/steveyegge/gastown/internal/refinery/engineer.go:58.50,71.2 1 7
github.com/steveyegge/gastown/internal/refinery/engineer.go:91.40,100.51 4 5
github.com/steveyegge/gastown/internal/refinery/engineer.go:100.51,102.3 1 5
github.com/steveyegge/gastown/internal/refinery/engineer.go:104.2,115.3 1 5
github.com/steveyegge/gastown/internal/refinery/engineer.go:120.43,122.2 1 0
github.com/steveyegge/gastown/internal/refinery/engineer.go:125.39,128.16 3 4
github.com/steveyegge/gastown/internal/refinery/engineer.go:128.16,129.25 1 1
github.com/steveyegge/gastown/internal/refinery/engineer.go:129.25,132.4 1 1
github.com/steveyegge/gastown/internal/refinery/engineer.go:133.3,133.47 1 0
github.com/steveyegge/gastown/internal/refinery/engineer.go:137.2,140.57 2 3
github.com/steveyegge/gastown/internal/refinery/engineer.go:140.57,142.3 1 0
github.com/steveyegge/gastown/internal/refinery/engineer.go:144.2,144.33 1 3
github.com/steveyegge/gastown/internal/refinery/engineer.go:144.33,147.3 1 1
github.com/steveyegge/gastown/internal/refinery/engineer.go:151.2,164.69 2 2
github.com/steveyegge/gastown/internal/refinery/engineer.go:164.69,166.3 1 0
github.com/steveyegge/gastown/internal/refinery/engineer.go:169.2,169.26 1 2
github.com/steveyegge/gastown/internal/refinery/engineer.go:169.26,171.3 1 1
github.com/steveyegge/gastown/internal/refinery/engineer.go:172.2,172.31 1 2
github.com/steveyegge/gastown/internal/refinery/engineer.go:172.31,174.3 1 1
github.com/steveyegge/gastown/internal/refinery/engineer.go:175.2,175.38 1 2
github.com/steveyegge/gastown/internal/refinery/engineer.go:175.38,177.3 1 0
github.com/steveyegge/gastown/internal/refinery/engineer.go:178.2,178.29 1 2
github.com/steveyegge/gastown/internal/refinery/engineer.go:178.29,180.3 1 0
github.com/steveyegge/gastown/internal/refinery/engineer.go:181.2,181.27 1 2
github.com/steveyegge/gastown/internal/refinery/engineer.go:181.27,183.3 1 1
github.com/steveyegge/gastown/internal/refinery/engineer.go:184.2,184.30 1 2
github.com/steveyegge/gastown/internal/refinery/engineer.go:184.30,186.3 1 1
github.com/steveyegge/gastown/internal/refinery/engineer.go:187.2,187.39 1 2
github.com/steveyegge/gastown/internal/refinery/engineer.go:187.39,189.3 1 0
github.com/steveyegge/gastown/internal/refinery/engineer.go:190.2,190.34 1 2
github.com/steveyegge/gastown/internal/refinery/engineer.go:190.34,192.3 1 0
github.com/steveyegge/gastown/internal/refinery/engineer.go:193.2,193.32 1 2
github.com/steveyegge/gastown/internal/refinery/engineer.go:193.32,195.3 1 1
github.com/steveyegge/gastown/internal/refinery/engineer.go:196.2,196.31 1 2
github.com/steveyegge/gastown/internal/refinery/engineer.go:196.31,198.17 2 2
github.com/steveyegge/gastown/internal/refinery/engineer.go:198.17,200.4 1 1
github.com/steveyegge/gastown/internal/refinery/engineer.go:201.3,201.30 1 1
github.com/steveyegge/gastown/internal/refinery/engineer.go:204.2,204.12 1 1
github.com/steveyegge/gastown/internal/refinery/engineer.go:208.47,210.2 1 0
github.com/steveyegge/gastown/internal/refinery/engineer.go:222.82,225.21 2 0
github.com/steveyegge/gastown/internal/refinery/engineer.go:225.21,230.3 1 0
github.com/steveyegge/gastown/internal/refinery/engineer.go:233.2,238.79 5 0
github.com/steveyegge/gastown/internal/refinery/engineer.go:243.99,247.16 3 0
github.com/steveyegge/gastown/internal/refinery/engineer.go:247.16,252.3 1 0
github.com/steveyegge/gastown/internal/refinery/engineer.go:253.2,253.13 1 0
github.com/steveyegge/gastown/internal/refinery/engineer.go:253.13,258.3 1 0
github.com/steveyegge/gastown/internal/refinery/engineer.go:261.2,262.47 2 0
github.com/steveyegge/gastown/internal/refinery/engineer.go:262.47,267.3 1 0
github.com/steveyegge/gastown/internal/refinery/engineer.go:270.2,270.53 1 0
github.com/steveyegge/gastown/internal/refinery/engineer.go:270.53,273.3 1 0
github.com/steveyegge/gastown/internal/refinery/engineer.go:276.2,278.16 3 0
github.com/steveyegge/gastown/internal/refinery/engineer.go:278.16,284.3 1 0
github.com/steveyegge/gastown/internal/refinery/engineer.go:285.2,285.24 1 0
github.com/steveyegge/gastown/internal/refinery/engineer.go:285.24,291.3 1 0
github.com/steveyegge/gastown/internal/refinery/engineer.go:294.2,294.53 1 0
github.com/steveyegge/gastown/internal/refinery/engineer.go:294.53,297.22 3 0
github.com/steveyegge/gastown/internal/refinery/engineer.go:297.22,303.4 1 0
github.com/steveyegge/gastown/internal/refinery/engineer.go:304.3,304.59 1 0
github.com/steveyegge/gastown/internal/refinery/engineer.go:308.2,309.23 2 0
github.com/steveyegge/gastown/internal/refinery/engineer.go:309.23,311.3 1 0
github.com/steveyegge/gastown/internal/refinery/engineer.go:312.2,313.58 2 0
github.com/steveyegge/gastown/internal/refinery/engineer.go:313.58,317.47 2 0
github.com/steveyegge/gastown/internal/refinery/engineer.go:317.47,324.4 2 0
github.com/steveyegge/gastown/internal/refinery/engineer.go:325.3,328.4 1 0
github.com/steveyegge/gastown/internal/refinery/engineer.go:332.2,333.16 2 0
github.com/steveyegge/gastown/internal/refinery/engineer.go:333.16,338.3 1 0
github.com/steveyegge/gastown/internal/refinery/engineer.go:341.2,342.60 2 0
github.com/steveyegge/gastown/internal/refinery/engineer.go:342.60,347.3 1 0
github.com/steveyegge/gastown/internal/refinery/engineer.go:349.2,353.3 2 0
github.com/steveyegge/gastown/internal/refinery/engineer.go:357.64,358.32 1 0
github.com/steveyegge/gastown/internal/refinery/engineer.go:358.32,360.3 1 0
github.com/steveyegge/gastown/internal/refinery/engineer.go:363.2,364.20 2 0
github.com/steveyegge/gastown/internal/refinery/engineer.go:364.20,366.3 1 0
github.com/steveyegge/gastown/internal/refinery/engineer.go:368.2,369.53 2 0
github.com/steveyegge/gastown/internal/refinery/engineer.go:369.53,370.18 1 0
github.com/steveyegge/gastown/internal/refinery/engineer.go:370.18,372.4 1 0
github.com/steveyegge/gastown/internal/refinery/engineer.go:376.3,383.17 7 0
github.com/steveyegge/gastown/internal/refinery/engineer.go:383.17,385.4 1 0
github.com/steveyegge/gastown/internal/refinery/engineer.go:386.3,389.23 2 0
github.com/steveyegge/gastown/internal/refinery/engineer.go:389.23,394.4 1 0
github.com/steveyegge/gastown/internal/refinery/engineer.go:397.2,401.3 1 0
github.com/steveyegge/gastown/internal/refinery/engineer.go:411.73,414.21 2 0
github.com/steveyegge/gastown/internal/refinery/engineer.go:414.21,416.3 1 0
github.com/steveyegge/gastown/internal/refinery/engineer.go:419.2,422.90 4 0
github.com/steveyegge/gastown/internal/refinery/engineer.go:422.90,424.3 1 0
github.com/steveyegge/gastown/internal/refinery/engineer.go:427.2,427.65 1 0
github.com/steveyegge/gastown/internal/refinery/engineer.go:427.65,429.3 1 0
github.com/steveyegge/gastown/internal/refinery/engineer.go:432.2,432.32 1 0
github.com/steveyegge/gastown/internal/refinery/engineer.go:432.32,434.84 2 0
github.com/steveyegge/gastown/internal/refinery/engineer.go:434.84,436.4 1 0
github.com/steveyegge/gastown/internal/refinery/engineer.go:436.9,438.4 1 0
github.com/steveyegge/gastown/internal/refinery/engineer.go:442.2,442.30 1 0
github.com/steveyegge/gastown/internal/refinery/engineer.go:442.30,443.77 1 0
github.com/steveyegge/gastown/internal/refinery/engineer.go:443.77,445.4 1 0
github.com/steveyegge/gastown/internal/refinery/engineer.go:451.2,451.60 1 0
github.com/steveyegge/gastown/internal/refinery/engineer.go:451.60,452.67 1 0
github.com/steveyegge/gastown/internal/refinery/engineer.go:452.67,454.4 1 0
github.com/steveyegge/gastown/internal/refinery/engineer.go:454.9,456.4 1 0
github.com/steveyegge/gastown/internal/refinery/engineer.go:458.3,458.77 1 0
github.com/steveyegge/gastown/internal/refinery/engineer.go:458.77,460.4 1 0
github.com/steveyegge/gastown/internal/refinery/engineer.go:460.9,462.4 1 0
github.com/steveyegge/gastown/internal/refinery/engineer.go:466.2,466.101 1 0
github.com/steveyegge/gastown/internal/refinery/engineer.go:471.73,474.82 2 0
github.com/steveyegge/gastown/internal/refinery/engineer.go:474.82,476.3 1 0
github.com/steveyegge/gastown/internal/refinery/engineer.go:479.2,479.87 1 0
github.com/steveyegge/gastown/internal/refinery/engineer.go:483.90,492.58 6 0
github.com/steveyegge/gastown/internal/refinery/engineer.go:492.58,494.3 1 0
github.com/steveyegge/gastown/internal/refinery/engineer.go:497.2,497.61 1 0
github.com/steveyegge/gastown/internal/refinery/engineer.go:501.81,503.72 1 0
github.com/steveyegge/gastown/internal/refinery/engineer.go:503.72,505.3 1 0
github.com/steveyegge/gastown/internal/refinery/engineer.go:509.2,510.57 2 0
github.com/steveyegge/gastown/internal/refinery/engineer.go:510.57,514.86 2 0
github.com/steveyegge/gastown/internal/refinery/engineer.go:514.86,516.4 1 0
github.com/steveyegge/gastown/internal/refinery/engineer.go:517.8,519.3 1 0
github.com/steveyegge/gastown/internal/refinery/engineer.go:522.2,522.17 1 0
github.com/steveyegge/gastown/internal/refinery/engineer.go:522.17,525.17 2 0
github.com/steveyegge/gastown/internal/refinery/engineer.go:525.17,527.4 1 0
github.com/steveyegge/gastown/internal/refinery/engineer.go:527.9,530.23 2 0
github.com/steveyegge/gastown/internal/refinery/engineer.go:530.23,532.5 1 0
github.com/steveyegge/gastown/internal/refinery/engineer.go:533.4,536.92 4 0
github.com/steveyegge/gastown/internal/refinery/engineer.go:536.92,538.5 1 0
github.com/steveyegge/gastown/internal/refinery/engineer.go:542.3,542.66 1 0
github.com/steveyegge/gastown/internal/refinery/engineer.go:542.66,544.4 1 0
github.com/steveyegge/gastown/internal/refinery/engineer.go:544.9,546.4 1 0
github.com/steveyegge/gastown/internal/refinery/engineer.go:550.2,550.26 1 0
github.com/steveyegge/gastown/internal/refinery/engineer.go:550.26,552.78 2 0
github.com/steveyegge/gastown/internal/refinery/engineer.go:552.78,554.4 1 0
github.com/steveyegge/gastown/internal/refinery/engineer.go:554.9,556.4 1 0
github.com/steveyegge/gastown/internal/refinery/engineer.go:560.2,560.24 1 0
github.com/steveyegge/gastown/internal/refinery/engineer.go:560.24,561.71 1 0
github.com/steveyegge/gastown/internal/refinery/engineer.go:561.71,563.4 1 0
github.com/steveyegge/gastown/internal/refinery/engineer.go:567.2,567.54 1 0
github.com/steveyegge/gastown/internal/refinery/engineer.go:567.54,568.61 1 0
github.com/steveyegge/gastown/internal/refinery/engineer.go:568.61,570.4 1 0
github.com/steveyegge/gastown/internal/refinery/engineer.go:570.9,572.4 1 0
github.com/steveyegge/gastown/internal/refinery/engineer.go:576.2,576.48 1 0
github.com/steveyegge/gastown/internal/refinery/engineer.go:576.48,578.3 1 0
github.com/steveyegge/gastown/internal/refinery/engineer.go:581.2,581.101 1 0
github.com/steveyegge/gastown/internal/refinery/engineer.go:587.81,589.71 1 0
github.com/steveyegge/gastown/internal/refinery/engineer.go:589.71,591.3 1 0
github.com/steveyegge/gastown/internal/refinery/engineer.go:595.2,596.21 2 0
github.com/steveyegge/gastown/internal/refinery/engineer.go:596.21,598.3 1 0
github.com/steveyegge/gastown/internal/refinery/engineer.go:598.8,598.31 1 0
github.com/steveyegge/gastown/internal/refinery/engineer.go:598.31,600.3 1 0
github.com/steveyegge/gastown/internal/refinery/engineer.go:601.2,602.43 2 0
github.com/steveyegge/gastown/internal/refinery/engineer.go:602.43,604.3 1 0
github.com/steveyegge/gastown/internal/refinery/engineer.go:604.8,606.3 1 0
github.com/steveyegge/gastown/internal/refinery/engineer.go:610.2,610.21 1 0
github.com/steveyegge/gastown/internal/refinery/engineer.go:610.21,612.17 2 0
github.com/steveyegge/gastown/internal/refinery/engineer.go:612.17,614.4 1 0
github.com/steveyegge/gastown/internal/refinery/engineer.go:614.9,617.64 1 0
github.com/steveyegge/gastown/internal/refinery/engineer.go:617.64,619.5 1 0
github.com/steveyegge/gastown/internal/refinery/engineer.go:619.10,621.5 1 0
github.com/steveyegge/gastown/internal/refinery/engineer.go:626.2,627.24 2 0
github.com/steveyegge/gastown/internal/refinery/engineer.go:627.24,629.3 1 0
github.com/steveyegge/gastown/internal/refinery/engineer.go:629.8,631.3 1 0
github.com/steveyegge/gastown/internal/refinery/engineer.go:650.98,654.16 2 0
github.com/steveyegge/gastown/internal/refinery/engineer.go:654.16,657.3 1 0
github.com/steveyegge/gastown/internal/refinery/engineer.go:657.8,661.17 3 0
github.com/steveyegge/gastown/internal/refinery/engineer.go:661.17,664.4 1 0
github.com/steveyegge/gastown/internal/refinery/engineer.go:664.9,664.81 1 0
github.com/steveyegge/gastown/internal/refinery/engineer.go:664.81,670.4 3 0
github.com/steveyegge/gastown/internal/refinery/engineer.go:672.3,672.79 1 0
github.com/steveyegge/gastown/internal/refinery/engineer.go:676.2,677.16 2 0
github.com/steveyegge/gastown/internal/refinery/engineer.go:677.16,679.3 1 0
github.com/steveyegge/gastown/internal/refinery/engineer.go:682.2,683.26 2 0
github.com/steveyegge/gastown/internal/refinery/engineer.go:683.26,684.89 1 0
github.com/steveyegge/gastown/internal/refinery/engineer.go:684.89,686.4 1 0
github.com/steveyegge/gastown/internal/refinery/engineer.go:691.2,692.25 2 0
github.com/steveyegge/gastown/internal/refinery/engineer.go:692.25,694.3 1 0
github.com/steveyegge/gastown/internal/refinery/engineer.go:697.2,737.16 5 0
github.com/steveyegge/gastown/internal/refinery/engineer.go:737.16,739.3 1 0
github.com/steveyegge/gastown/internal/refinery/engineer.go:744.2,749.21 3 0
github.com/steveyegge/gastown/internal/refinery/engineer.go:754.60,756.16 2 0
github.com/steveyegge/gastown/internal/refinery/engineer.go:756.16,759.3 1 0
github.com/steveyegge/gastown/internal/refinery/engineer.go:761.2,761.38 1 0
github.com/steveyegge/gastown/internal/refinery/engineer.go:768.58,770.2 1 0
github.com/steveyegge/gastown/internal/refinery/engineer.go:774.60,776.2 1 0
github.com/steveyegge/gastown/internal/refinery/manager.go:44.77,50.91 1 19
github.com/steveyegge/gastown/internal/refinery/manager.go:50.91,52.4 1 16
github.com/steveyegge/gastown/internal/refinery/manager.go:59.42,61.2 1 0
github.com/steveyegge/gastown/internal/refinery/manager.go:64.38,66.2 1 0
github.com/steveyegge/gastown/internal/refinery/manager.go:69.40,71.2 1 25
github.com/steveyegge/gastown/internal/refinery/manager.go:74.50,76.2 1 32
github.com/steveyegge/gastown/internal/refinery/manager.go:79.50,81.2 1 21
github.com/steveyegge/gastown/internal/refinery/manager.go:87.47,89.2 1 4
github.com/steveyegge/gastown/internal/refinery/manager.go:92.33,94.16 2 11
github.com/steveyegge/gastown/internal/refinery/manager.go:94.16,96.3 1 0
github.com/steveyegge/gastown/internal/refinery/manager.go:99.2,100.59 2 11
github.com/steveyegge/gastown/internal/refinery/manager.go:100.59,103.3 1 0
github.com/steveyegge/gastown/internal/refinery/manager.go:106.2,107.97 2 11
github.com/steveyegge/gastown/internal/refinery/manager.go:107.97,109.3 1 0
github.com/steveyegge/gastown/internal/refinery/manager.go:112.2,116.16 3 11
github.com/steveyegge/gastown/internal/refinery/manager.go:116.16,118.3 1 1
github.com/steveyegge/gastown/internal/refinery/manager.go:121.2,125.41 5 10
github.com/steveyegge/gastown/internal/refinery/manager.go:125.41,128.3 2 0
github.com/steveyegge/gastown/internal/refinery/manager.go:131.2,133.12 2 10
github.com/steveyegge/gastown/internal/refinery/manager.go:137.32,139.16 2 7
github.com/steveyegge/gastown/internal/refinery/manager.go:139.16,141.3 1 0
github.com/steveyegge/gastown/internal/refinery/manager.go:143.2,146.60 2 7
github.com/steveyegge/gastown/internal/refinery/manager.go:146.60,148.3 1 1
github.com/steveyegge/gastown/internal/refinery/manager.go:151.2,156.41 4 6
github.com/steveyegge/gastown/internal/refinery/manager.go:156.41,158.3 1 0
github.com/steveyegge/gastown/internal/refinery/manager.go:159.2,159.16 1 6
github.com/steveyegge/gastown/internal/refinery/manager.go:164.48,173.16 3 0
github.com/steveyegge/gastown/internal/refinery/manager.go:173.16,175.3 1 0
github.com/steveyegge/gastown/internal/refinery/manager.go:178.2,179.16 2 0
github.com/steveyegge/gastown/internal/refinery/manager.go:179.16,181.3 1 0
github.com/steveyegge/gastown/internal/refinery/manager.go:184.2,188.26 3 0
github.com/steveyegge/gastown/internal/refinery/manager.go:188.26,194.3 1 0
github.com/steveyegge/gastown/internal/refinery/manager.go:197.2,203.31 4 0
github.com/steveyegge/gastown/internal/refinery/manager.go:203.31,206.3 2 0
github.com/steveyegge/gastown/internal/refinery/manager.go:208.2,208.41 1 0
github.com/steveyegge/gastown/internal/refinery/manager.go:208.41,210.3 1 0
github.com/steveyegge/gastown/internal/refinery/manager.go:213.2,213.27 1 0
github.com/steveyegge/gastown/internal/refinery/manager.go:213.27,215.16 2 0
github.com/steveyegge/gastown/internal/refinery/manager.go:215.16,217.57 1 0
github.com/steveyegge/gastown/internal/refinery/manager.go:217.57,218.13 1 0
github.com/steveyegge/gastown/internal/refinery/manager.go:220.4,225.9 2 0
github.com/steveyegge/gastown/internal/refinery/manager.go:229.2,229.19 1 0
github.com/steveyegge/gastown/internal/refinery/manager.go:234.82,239.26 3 0
github.com/steveyegge/gastown/internal/refinery/manager.go:239.26,241.3 1 0
github.com/steveyegge/gastown/internal/refinery/manager.go:244.2,251.19 2 0
github.com/steveyegge/gastown/internal/refinery/manager.go:251.19,255.35 2 0
github.com/steveyegge/gastown/internal/refinery/manager.go:255.35,256.77 1 0
github.com/steveyegge/gastown/internal/refinery/manager.go:256.77,258.5 1 0
github.com/steveyegge/gastown/internal/refinery/manager.go:262.2,262.43 1 0
github.com/steveyegge/gastown/internal/refinery/manager.go:266.63,267.18 1 0
github.com/steveyegge/gastown/internal/refinery/manager.go:267.18,269.3 1 0
github.com/steveyegge/gastown/internal/refinery/manager.go:272.2,275.19 3 0
github.com/steveyegge/gastown/internal/refinery/manager.go:275.19,284.3 1 0
github.com/steveyegge/gastown/internal/refinery/manager.go:287.2,288.18 2 0
github.com/steveyegge/gastown/internal/refinery/manager.go:288.18,290.3 1 0
github.com/steveyegge/gastown/internal/refinery/manager.go:292.2,300.3 1 0
github.com/steveyegge/gastown/internal/refinery/manager.go:304.36,307.16 2 0
github.com/steveyegge/gastown/internal/refinery/manager.go:307.16,310.3 1 0
github.com/steveyegge/gastown/internal/refinery/manager.go:311.2,311.10 1 0
github.com/steveyegge/gastown/internal/refinery/manager.go:337.59,341.2 1 0
github.com/steveyegge/gastown/internal/refinery/manager.go:346.88,354.23 6 0
github.com/steveyegge/gastown/internal/refinery/manager.go:354.23,356.47 1 0
github.com/steveyegge/gastown/internal/refinery/manager.go:356.47,359.4 1 0
github.com/steveyegge/gastown/internal/refinery/manager.go:360.3,360.22 1 0
github.com/steveyegge/gastown/internal/refinery/manager.go:361.26,362.26 1 0
github.com/steveyegge/gastown/internal/refinery/manager.go:363.30,365.118 1 0
github.com/steveyegge/gastown/internal/refinery/manager.go:367.8,369.37 1 0
github.com/steveyegge/gastown/internal/refinery/manager.go:369.37,372.4 1 0
github.com/steveyegge/gastown/internal/refinery/manager.go:375.2,375.22 1 0
github.com/steveyegge/gastown/internal/refinery/manager.go:380.50,382.21 2 0
github.com/steveyegge/gastown/internal/refinery/manager.go:382.21,384.3 1 0
github.com/steveyegge/gastown/internal/refinery/manager.go:386.2,386.56 1 0
github.com/steveyegge/gastown/internal/refinery/manager.go:392.48,398.16 4 0
github.com/steveyegge/gastown/internal/refinery/manager.go:398.16,400.3 1 0
github.com/steveyegge/gastown/internal/refinery/manager.go:403.2,403.32 1 0
github.com/steveyegge/gastown/internal/refinery/manager.go:403.32,409.3 4 0
github.com/steveyegge/gastown/internal/refinery/manager.go:411.2,411.20 1 0
github.com/steveyegge/gastown/internal/refinery/manager.go:416.80,420.64 3 0
github.com/steveyegge/gastown/internal/refinery/manager.go:420.64,421.18 1 0
github.com/steveyegge/gastown/internal/refinery/manager.go:421.18,425.4 3 0
github.com/steveyegge/gastown/internal/refinery/manager.go:427.3,428.17 2 0
github.com/steveyegge/gastown/internal/refinery/manager.go:428.17,430.4 1 0
github.com/steveyegge/gastown/internal/refinery/manager.go:431.3,431.16 1 0
github.com/steveyegge/gastown/internal/refinery/manager.go:434.2,434.87 1 0
github.com/steveyegge/gastown/internal/refinery/manager.go:438.36,441.21 2 0
github.com/steveyegge/gastown/internal/refinery/manager.go:441.21,443.3 1 0
github.com/steveyegge/gastown/internal/refinery/manager.go:444.2,444.19 1 0
github.com/steveyegge/gastown/internal/refinery/manager.go:444.19,446.3 1 0
github.com/steveyegge/gastown/internal/refinery/manager.go:447.2,447.22 1 0
github.com/steveyegge/gastown/internal/refinery/manager.go:447.22,449.3 1 0
github.com/steveyegge/gastown/internal/refinery/manager.go:450.2,450.50 1 0
github.com/steveyegge/gastown/internal/refinery/manager.go:454.58,472.2 3 0
github.com/steveyegge/gastown/internal/refinery/manager.go:475.56,488.2 3 0
github.com/steveyegge/gastown/internal/refinery/manager.go:497.59,499.16 2 3
github.com/steveyegge/gastown/internal/refinery/manager.go:499.16,501.3 1 0
github.com/steveyegge/gastown/internal/refinery/manager.go:504.2,504.52 1 3
github.com/steveyegge/gastown/internal/refinery/manager.go:504.52,506.3 1 0
github.com/steveyegge/gastown/internal/refinery/manager.go:509.2,509.27 1 3
github.com/steveyegge/gastown/internal/refinery/manager.go:509.27,510.39 1 3
github.com/steveyegge/gastown/internal/refinery/manager.go:510.39,512.4 1 2
github.com/steveyegge/gastown/internal/refinery/manager.go:515.2,515.27 1 1
github.com/steveyegge/gastown/internal/refinery/manager.go:519.68,521.16 2 0
github.com/steveyegge/gastown/internal/refinery/manager.go:521.16,523.3 1 0
github.com/steveyegge/gastown/internal/refinery/manager.go:525.2,525.29 1 0
github.com/steveyegge/gastown/internal/refinery/manager.go:525.29,527.31 1 0
github.com/steveyegge/gastown/internal/refinery/manager.go:527.31,529.4 1 0
github.com/steveyegge/gastown/internal/refinery/manager.go:531.3,531.35 1 0
github.com/steveyegge/gastown/internal/refinery/manager.go:531.35,533.4 1 0
github.com/steveyegge/gastown/internal/refinery/manager.go:534.3,534.65 1 0
github.com/steveyegge/gastown/internal/refinery/manager.go:534.65,536.4 1 0
github.com/steveyegge/gastown/internal/refinery/manager.go:538.3,538.47 1 0
github.com/steveyegge/gastown/internal/refinery/manager.go:538.47,540.4 1 0
github.com/steveyegge/gastown/internal/refinery/manager.go:543.2,543.27 1 0
github.com/steveyegge/gastown/internal/refinery/manager.go:549.59,551.16 2 3
github.com/steveyegge/gastown/internal/refinery/manager.go:551.16,553.3 1 0
github.com/steveyegge/gastown/internal/refinery/manager.go:556.2,557.27 2 3
github.com/steveyegge/gastown/internal/refinery/manager.go:557.27,559.3 1 2
github.com/steveyegge/gastown/internal/refinery/manager.go:560.2,560.15 1 3
github.com/steveyegge/gastown/internal/refinery/manager.go:560.15,562.3 1 1
github.com/steveyegge/gastown/internal/refinery/manager.go:565.2,565.43 1 2
github.com/steveyegge/gastown/internal/refinery/manager.go:565.43,567.3 1 1
github.com/steveyegge/gastown/internal/refinery/manager.go:570.2,573.41 2 1
github.com/steveyegge/gastown/internal/refinery/manager.go:573.41,575.3 1 0
github.com/steveyegge/gastown/internal/refinery/manager.go:580.2,580.16 1 1
github.com/steveyegge/gastown/internal/refinery/manager.go:580.16,582.3 1 0
github.com/steveyegge/gastown/internal/refinery/manager.go:584.2,584.12 1 1
github.com/steveyegge/gastown/internal/refinery/manager.go:588.54,590.16 2 4
github.com/steveyegge/gastown/internal/refinery/manager.go:590.16,592.3 1 0
github.com/steveyegge/gastown/internal/refinery/manager.go:594.2,594.27 1 4
github.com/steveyegge/gastown/internal/refinery/manager.go:594.27,596.3 1 4
github.com/steveyegge/gastown/internal/refinery/manager.go:598.2,599.25 2 4
github.com/steveyegge/gastown/internal/refinery/manager.go:605.98,607.16 2 0
github.com/steveyegge/gastown/internal/refinery/manager.go:607.16,609.3 1 0
github.com/steveyegge/gastown/internal/refinery/manager.go:612.2,612.19 1 0
github.com/steveyegge/gastown/internal/refinery/manager.go:612.19,614.3 1 0
github.com/steveyegge/gastown/internal/refinery/manager.go:617.2,617.54 1 0
github.com/steveyegge/gastown/internal/refinery/manager.go:617.54,619.3 1 0
github.com/steveyegge/gastown/internal/refinery/manager.go:620.2,623.12 2 0
github.com/steveyegge/gastown/internal/refinery/manager.go:623.12,625.3 1 0
github.com/steveyegge/gastown/internal/refinery/manager.go:627.2,627.16 1 0
github.com/steveyegge/gastown/internal/refinery/manager.go:631.73,648.2 3 0
github.com/steveyegge/gastown/internal/refinery/manager.go:651.44,653.6 2 0
github.com/steveyegge/gastown/internal/refinery/manager.go:653.6,655.66 1 0
github.com/steveyegge/gastown/internal/refinery/manager.go:655.66,657.4 1 0
github.com/steveyegge/gastown/internal/refinery/manager.go:659.3,660.55 2 0
github.com/steveyegge/gastown/internal/refinery/manager.go:660.55,661.61 1 0
github.com/steveyegge/gastown/internal/refinery/manager.go:661.61,663.5 1 0
github.com/steveyegge/gastown/internal/refinery/manager.go:666.3,667.21 2 0
github.com/steveyegge/gastown/internal/refinery/manager.go:667.21,668.9 1 0
github.com/steveyegge/gastown/internal/refinery/manager.go:670.3,670.16 1 0
github.com/steveyegge/gastown/internal/refinery/manager.go:672.2,672.11 1 0
github.com/steveyegge/gastown/internal/refinery/types.go:138.39,146.2 1 0
github.com/steveyegge/gastown/internal/refinery/types.go:174.50,176.16 1 13
github.com/steveyegge/gastown/internal/refinery/types.go:176.16,178.3 1 3
github.com/steveyegge/gastown/internal/refinery/types.go:181.2,181.22 1 10
github.com/steveyegge/gastown/internal/refinery/types.go:181.22,183.3 1 3
github.com/steveyegge/gastown/internal/refinery/types.go:186.2,186.14 1 7
github.com/steveyegge/gastown/internal/refinery/types.go:187.14,190.43 1 4
github.com/steveyegge/gastown/internal/refinery/types.go:190.43,192.4 1 4
github.com/steveyegge/gastown/internal/refinery/types.go:193.20,196.37 1 3
github.com/steveyegge/gastown/internal/refinery/types.go:196.37,198.4 1 3
github.com/steveyegge/gastown/internal/refinery/types.go:201.2,201.83 1 0
github.com/steveyegge/gastown/internal/refinery/types.go:206.61,207.65 1 2
github.com/steveyegge/gastown/internal/refinery/types.go:207.65,209.3 1 1
github.com/steveyegge/gastown/internal/refinery/types.go:210.2,211.12 2 1
github.com/steveyegge/gastown/internal/refinery/types.go:217.57,219.27 1 3
github.com/steveyegge/gastown/internal/refinery/types.go:219.27,221.3 1 1
github.com/steveyegge/gastown/internal/refinery/types.go:222.2,222.64 1 2
github.com/steveyegge/gastown/internal/refinery/types.go:222.64,224.3 1 0
github.com/steveyegge/gastown/internal/refinery/types.go:225.2,227.12 3 2
github.com/steveyegge/gastown/internal/refinery/types.go:232.40,233.31 1 4
github.com/steveyegge/gastown/internal/refinery/types.go:233.31,236.3 1 2
github.com/steveyegge/gastown/internal/refinery/types.go:237.2,239.12 3 2
github.com/steveyegge/gastown/internal/refinery/types.go:244.39,245.25 1 3
github.com/steveyegge/gastown/internal/refinery/types.go:245.25,248.3 1 2
github.com/steveyegge/gastown/internal/refinery/types.go:249.2,250.12 2 1
github.com/steveyegge/gastown/internal/refinery/types.go:254.41,256.2 1 3
github.com/steveyegge/gastown/internal/refinery/types.go:288.44,289.11 1 8
github.com/steveyegge/gastown/internal/refinery/types.go:290.23,291.24 1 1
github.com/steveyegge/gastown/internal/refinery/types.go:292.60,293.21 1 3
github.com/steveyegge/gastown/internal/refinery/types.go:294.23,295.23 1 1
github.com/steveyegge/gastown/internal/refinery/types.go:296.10,297.12 1 3
github.com/steveyegge/gastown/internal/refinery/types.go:302.50,303.11 1 8
github.com/steveyegge/gastown/internal/refinery/types.go:304.77,305.14 1 4
github.com/steveyegge/gastown/internal/refinery/types.go:306.10,307.15 1 4
github.com/steveyegge/gastown/internal/refinery/types.go:312.39,314.2 1 3
github.com/steveyegge/gastown/internal/refinery/types.go:317.45,319.2 1 3
